<?xml version="1.0" encoding="UTF-8"?>
<!-- Generated by org.testng.reporters.JUnitXMLReporter -->
<testsuite hostname="DESKTOP-DIKF5R3" ignored="1" name="ChromeTest(failed)" tests="1" failures="1" timestamp="2022-11-09T15:05:11 IST" time="18.687" errors="0">
  <testcase name="verifyContactToHelpCenterButton" time="1.87" classname="testPack.VerifyHomePage">
    <failure type="java.lang.AssertionError" message="null">
      <![CDATA[java.lang.AssertionError: null
at testPack.VerifyHomePage.verifyContactToHelpCenterButton(VerifyHomePage.java:128)
at java.util.ArrayList.forEach(ArrayList.java:1259)
at java.util.concurrent.FutureTask.run(FutureTask.java:266)
at java.util.concurrent.ThreadPoolExecutor.runWorker(ThreadPoolExecutor.java:1149)
at java.util.concurrent.ThreadPoolExecutor$Worker.run(ThreadPoolExecutor.java:624)
at java.lang.Thread.run(Thread.java:748)
... Removed 20 stack frames]]>
    </failure>
  </testcase> <!-- verifyContactToHelpCenterButton -->
  <testcase name="verifyReturnToMessengerButton" time="0.0" classname="testPack.VerifyHomePage">
    <ignored/>
  </testcase> <!-- verifyReturnToMessengerButton -->
</testsuite> <!-- ChromeTest(failed) -->
