<?xml version="1.0" encoding="UTF-8"?>
<!-- Generated by org.testng.reporters.JUnitXMLReporter -->
<testsuite hostname="DESKTOP-DIKF5R3" ignored="0" name="EdgeTest" tests="4" failures="0" timestamp="2022-11-04T19:13:49 IST" time="13.276" errors="0">
  <testcase name="@BeforeTest launchBrowser" time="13.131" classname="testPack.VerifyExcelsheetCode">
    <failure type="org.openqa.selenium.WebDriverException" message="Failed to decode response from marionette
Build info: version: &amp;apos;3.141.59&amp;apos;, revision: &amp;apos;e82be7d358&amp;apos;, time: &amp;apos;2018-11-14T08:17:03&amp;apos;
System info: host: &amp;apos;DESKTOP-DIKF5R3&amp;apos;, ip: &amp;apos;192.168.43.9&amp;apos;, os.name: &amp;apos;Windows 10&amp;apos;, os.arch: &amp;apos;amd64&amp;apos;, os.version: &amp;apos;10.0&amp;apos;, java.version: &amp;apos;1.8.0_261&amp;apos;
Driver info: driver.version: FirefoxDriver
remote stacktrace: ">
      <![CDATA[org.openqa.selenium.WebDriverException: Failed to decode response from marionette
Build info: version: '3.141.59', revision: 'e82be7d358', time: '2018-11-14T08:17:03'
System info: host: 'DESKTOP-DIKF5R3', ip: '192.168.43.9', os.name: 'Windows 10', os.arch: 'amd64', os.version: '10.0', java.version: '1.8.0_261'
Driver info: driver.version: FirefoxDriver
remote stacktrace: 
at org.openqa.selenium.remote.W3CHandshakeResponse.lambda$errorHandler$0(W3CHandshakeResponse.java:62)
at org.openqa.selenium.remote.HandshakeResponse.lambda$getResponseFunction$0(HandshakeResponse.java:30)
at org.openqa.selenium.remote.ProtocolHandshake.lambda$createSession$0(ProtocolHandshake.java:126)
at java.util.stream.ReferencePipeline$3$1.accept(ReferencePipeline.java:193)
at java.util.Spliterators$ArraySpliterator.tryAdvance(Spliterators.java:958)
at java.util.stream.ReferencePipeline.forEachWithCancel(ReferencePipeline.java:126)
at java.util.stream.AbstractPipeline.copyIntoWithCancel(AbstractPipeline.java:499)
at java.util.stream.AbstractPipeline.copyInto(AbstractPipeline.java:486)
at java.util.stream.AbstractPipeline.wrapAndCopyInto(AbstractPipeline.java:472)
at java.util.stream.FindOps$FindOp.evaluateSequential(FindOps.java:152)
at java.util.stream.AbstractPipeline.evaluate(AbstractPipeline.java:234)
at java.util.stream.ReferencePipeline.findFirst(ReferencePipeline.java:464)
at org.openqa.selenium.remote.ProtocolHandshake.createSession(ProtocolHandshake.java:128)
at org.openqa.selenium.remote.ProtocolHandshake.createSession(ProtocolHandshake.java:74)
at org.openqa.selenium.remote.HttpCommandExecutor.execute(HttpCommandExecutor.java:136)
at org.openqa.selenium.remote.service.DriverCommandExecutor.execute(DriverCommandExecutor.java:83)
at org.openqa.selenium.remote.RemoteWebDriver.execute(RemoteWebDriver.java:552)
at org.openqa.selenium.remote.RemoteWebDriver.startSession(RemoteWebDriver.java:213)
at org.openqa.selenium.remote.RemoteWebDriver.<init>(RemoteWebDriver.java:131)
at org.openqa.selenium.firefox.FirefoxDriver.<init>(FirefoxDriver.java:147)
at org.openqa.selenium.firefox.FirefoxDriver.<init>(FirefoxDriver.java:125)
at setup.Base.openFirefoxBrowser(Base.java:22)
at testPack.VerifyExcelsheetCode.launchBrowser(VerifyExcelsheetCode.java:41)
... Removed 28 stack frames]]>
    </failure>
  </testcase> <!-- @BeforeTest launchBrowser -->
  <testcase name="@BeforeTest launchBrowser" time="-1.667569429259E9" classname="testPack.VerifyRoomPage">
    <skipped/>
  </testcase> <!-- @BeforeTest launchBrowser -->
  <testcase name="@BeforeClass createPomObject" time="-1.667569429266E9" classname="testPack.VerifyExcelsheetCode">
    <skipped/>
  </testcase> <!-- @BeforeClass createPomObject -->
  <testcase name="@BeforeMethod hintUrl" time="-1.667569429268E9" classname="testPack.VerifyExcelsheetCode">
    <skipped/>
  </testcase> <!-- @BeforeMethod hintUrl -->
  <testcase name="@AfterMethod logoutFromApplication" time="-1.667569429279E9" classname="testPack.VerifyExcelsheetCode">
    <skipped/>
  </testcase> <!-- @AfterMethod logoutFromApplication -->
  <testcase name="@BeforeMethod hintUrl" time="-1.667569429283E9" classname="testPack.VerifyExcelsheetCode">
    <skipped/>
  </testcase> <!-- @BeforeMethod hintUrl -->
  <testcase name="@AfterMethod logoutFromApplication" time="-1.667569429289E9" classname="testPack.VerifyExcelsheetCode">
    <skipped/>
  </testcase> <!-- @AfterMethod logoutFromApplication -->
  <testcase name="@AfterClass clearObject" time="-1.667569429291E9" classname="testPack.VerifyExcelsheetCode">
    <skipped/>
  </testcase> <!-- @AfterClass clearObject -->
  <testcase name="@BeforeClass CreatePomBojects" time="-1.667569429295E9" classname="testPack.VerifyRoomPage">
    <skipped/>
  </testcase> <!-- @BeforeClass CreatePomBojects -->
  <testcase name="@BeforeMethod openRoomPage" time="-1.667569429334E9" classname="testPack.VerifyRoomPage">
    <skipped/>
  </testcase> <!-- @BeforeMethod openRoomPage -->
  <testcase name="@AfterMethod logoutFromApplication" time="-1.667569429355E9" classname="testPack.VerifyRoomPage">
    <skipped/>
  </testcase> <!-- @AfterMethod logoutFromApplication -->
  <testcase name="@BeforeMethod openRoomPage" time="-1.667569429365E9" classname="testPack.VerifyRoomPage">
    <skipped/>
  </testcase> <!-- @BeforeMethod openRoomPage -->
  <testcase name="@AfterMethod logoutFromApplication" time="-1.667569429379E9" classname="testPack.VerifyRoomPage">
    <skipped/>
  </testcase> <!-- @AfterMethod logoutFromApplication -->
  <testcase name="@AfterClass clearObject" time="-1.667569429389E9" classname="testPack.VerifyRoomPage">
    <skipped/>
  </testcase> <!-- @AfterClass clearObject -->
  <testcase name="@AfterTest closeBrowser" time="-1.667569429396E9" classname="testPack.VerifyExcelsheetCode">
    <skipped/>
  </testcase> <!-- @AfterTest closeBrowser -->
  <testcase name="verifyReturnToMessengerButton" time="0.0" classname="testPack.VerifyExcelsheetCode">
    <skipped/>
  </testcase> <!-- verifyReturnToMessengerButton -->
  <testcase name="verifyContactToHelpCenterButton" time="0.0" classname="testPack.VerifyExcelsheetCode">
    <skipped/>
  </testcase> <!-- verifyContactToHelpCenterButton -->
  <testcase name="verifyContactToHelpCenterButton" time="0.0" classname="testPack.VerifyRoomPage">
    <skipped/>
  </testcase> <!-- verifyContactToHelpCenterButton -->
  <testcase name="verifyReturnToMessengerButton" time="0.0" classname="testPack.VerifyRoomPage">
    <skipped/>
  </testcase> <!-- verifyReturnToMessengerButton -->
</testsuite> <!-- EdgeTest -->
