<?xml version="1.0" encoding="UTF-8"?>
<!-- Generated by org.testng.reporters.JUnitXMLReporter -->
<testsuite hostname="DESKTOP-DIKF5R3" ignored="0" name="Default test" tests="2" failures="0" timestamp="2022-11-09T13:48:07 IST" time="0.125" errors="0">
  <testcase name="@BeforeTest launchBrowser" time="-1.66798188701E9" classname="testPack.VerifyHomePage">
    <failure type="org.testng.TestNGException" message="
Parameter &amp;apos;browser&amp;apos; is required by BeforeTest on method launchBrowser but has not been marked @Optional or defined
in C:\Windows\Temp\testng-eclipse-2025960900\testng-customsuite.xml">
      <![CDATA[org.testng.TestNGException: 
Parameter 'browser' is required by BeforeTest on method launchBrowser but has not been marked @Optional or defined
in C:\Windows\Temp\testng-eclipse-2025960900\testng-customsuite.xml
at org.testng.internal.Parameters.createParams(Parameters.java:270)
at org.testng.internal.Parameters.createParametersForMethod(Parameters.java:358)
at org.testng.internal.Parameters.createParameters(Parameters.java:700)
at org.testng.internal.Parameters.createConfigurationParameters(Parameters.java:168)
at org.testng.internal.ConfigInvoker.invokeConfigurations(ConfigInvoker.java:302)
at org.testng.TestRunner.invokeTestConfigurations(TestRunner.java:637)
at org.testng.TestRunner.beforeRun(TestRunner.java:627)
at org.testng.TestRunner.run(TestRunner.java:589)
at org.testng.SuiteRunner.runTest(SuiteRunner.java:377)
at org.testng.SuiteRunner.runSequentially(SuiteRunner.java:371)
at org.testng.SuiteRunner.privateRun(SuiteRunner.java:332)
at org.testng.SuiteRunner.run(SuiteRunner.java:276)
at org.testng.SuiteRunnerWorker.runSuite(SuiteRunnerWorker.java:53)
at org.testng.SuiteRunnerWorker.run(SuiteRunnerWorker.java:96)
at org.testng.TestNG.runSuitesSequentially(TestNG.java:1212)
at org.testng.TestNG.runSuitesLocally(TestNG.java:1134)
at org.testng.TestNG.runSuites(TestNG.java:1063)
at org.testng.TestNG.run(TestNG.java:1031)
at org.testng.remote.AbstractRemoteTestNG.run(AbstractRemoteTestNG.java:115)
at org.testng.remote.RemoteTestNG.initAndRun(RemoteTestNG.java:251)
at org.testng.remote.RemoteTestNG.main(RemoteTestNG.java:77)
]]>
    </failure>
  </testcase> <!-- @BeforeTest launchBrowser -->
  <testcase name="@BeforeClass CreatePomBojects" time="-1.667981887055E9" classname="testPack.VerifyHomePage">
    <skipped/>
  </testcase> <!-- @BeforeClass CreatePomBojects -->
  <testcase name="@BeforeMethod openRoomPage" time="-1.66798188708E9" classname="testPack.VerifyHomePage">
    <skipped/>
  </testcase> <!-- @BeforeMethod openRoomPage -->
  <testcase name="@AfterMethod logoutFromApplication" time="-1.667981887095E9" classname="testPack.VerifyHomePage">
    <skipped/>
  </testcase> <!-- @AfterMethod logoutFromApplication -->
  <testcase name="@BeforeMethod openRoomPage" time="-1.6679818871E9" classname="testPack.VerifyHomePage">
    <skipped/>
  </testcase> <!-- @BeforeMethod openRoomPage -->
  <testcase name="@AfterMethod logoutFromApplication" time="-1.667981887115E9" classname="testPack.VerifyHomePage">
    <skipped/>
  </testcase> <!-- @AfterMethod logoutFromApplication -->
  <testcase name="@AfterClass clearObject" time="-1.66798188712E9" classname="testPack.VerifyHomePage">
    <skipped/>
  </testcase> <!-- @AfterClass clearObject -->
  <testcase name="@AfterTest closeBrowser" time="-1.667981887125E9" classname="testPack.VerifyHomePage">
    <skipped/>
  </testcase> <!-- @AfterTest closeBrowser -->
  <testcase name="verifyReturnToMessengerButton" time="0.0" classname="testPack.VerifyHomePage">
    <skipped/>
  </testcase> <!-- verifyReturnToMessengerButton -->
  <testcase name="verifyContactToHelpCenterButton" time="0.0" classname="testPack.VerifyHomePage">
    <skipped/>
  </testcase> <!-- verifyContactToHelpCenterButton -->
</testsuite> <!-- Default test -->
