<?xml version="1.0" encoding="UTF-8"?>
<!-- Generated by org.testng.reporters.JUnitXMLReporter -->
<testsuite hostname="DESKTOP-DIKF5R3" ignored="0" name="EdgeTest" tests="2" failures="0" timestamp="2022-11-04T13:45:03 IST" time="2.979" errors="0">
  <testcase name="@BeforeTest launchBrowser" time="2.899" classname="testPack.VerifyRoomPage">
    <failure type="org.openqa.selenium.SessionNotCreatedException" message="session not created: This version of MSEdgeDriver only supports MSEdge version 100
Current browser version is 107.0.1418.26 with binary path C:\Program Files (x86)\Microsoft\Edge\Application\msedge.exe
Build info: version: &amp;apos;3.141.59&amp;apos;, revision: &amp;apos;e82be7d358&amp;apos;, time: &amp;apos;2018-11-14T08:17:03&amp;apos;
System info: host: &amp;apos;DESKTOP-DIKF5R3&amp;apos;, ip: &amp;apos;192.168.43.9&amp;apos;, os.name: &amp;apos;Windows 10&amp;apos;, os.arch: &amp;apos;amd64&amp;apos;, os.version: &amp;apos;10.0&amp;apos;, java.version: &amp;apos;1.8.0_261&amp;apos;
Driver info: driver.version: EdgeDriver
remote stacktrace: Backtrace:
	Microsoft::Applications::Events::EventProperties::unpack [0x00007FF6C77D98F2+27586]
	Microsoft::Applications::Events::time_ticks_t::operator= [0x00007FF6C7737C72+417618]
	Ordinal0 [0x00007FF6C70F11C5+659909]
	Ordinal0 [0x00007FF6C711BE24+835108]
	Ordinal0 [0x00007FF6C711718C+815500]
	Ordinal0 [0x00007FF6C7112CCE+797902]
	Ordinal0 [0x00007FF6C714CAF6+1034998]
	Ordinal0 [0x00007FF6C71470F3+1011955]
	Ordinal0 [0x00007FF6C711E299+844441]
	Ordinal0 [0x00007FF6C711F898+850072]
	Ordinal0 [0x00007FF6C7213B60+1850208]
	Microsoft::Applications::Events::EventProperty::EventProperty [0x00007FF6C758155F+26879]
	Microsoft::Applications::Events::EventProperty::EventProperty [0x00007FF6C7582B42+32482]
	Microsoft::Applications::Events::EventProperty::to_string [0x00007FF6C733D726+63846]
	Ordinal0 [0x00007FF6C721108F+1839247]
	Microsoft::Applications::Events::time_ticks_t::operator= [0x00007FF6C7742794+461428]
	Ordinal0 [0x00007FF6C7214E03+1854979]
	Ordinal0 [0x00007FF6C7219804+1873924]
	BaseThreadInitThunk [0x00007FF8FB192D92+34]
	RtlUserThreadStart [0x00007FF8FBCE9F64+52]
">
      <![CDATA[org.openqa.selenium.SessionNotCreatedException: session not created: This version of MSEdgeDriver only supports MSEdge version 100
Current browser version is 107.0.1418.26 with binary path C:\Program Files (x86)\Microsoft\Edge\Application\msedge.exe
Build info: version: '3.141.59', revision: 'e82be7d358', time: '2018-11-14T08:17:03'
System info: host: 'DESKTOP-DIKF5R3', ip: '192.168.43.9', os.name: 'Windows 10', os.arch: 'amd64', os.version: '10.0', java.version: '1.8.0_261'
Driver info: driver.version: EdgeDriver
remote stacktrace: Backtrace:
Microsoft::Applications::Events::EventProperties::unpack [0x00007FF6C77D98F2+27586]
Microsoft::Applications::Events::time_ticks_t::operator= [0x00007FF6C7737C72+417618]
Ordinal0 [0x00007FF6C70F11C5+659909]
Ordinal0 [0x00007FF6C711BE24+835108]
Ordinal0 [0x00007FF6C711718C+815500]
Ordinal0 [0x00007FF6C7112CCE+797902]
Ordinal0 [0x00007FF6C714CAF6+1034998]
Ordinal0 [0x00007FF6C71470F3+1011955]
Ordinal0 [0x00007FF6C711E299+844441]
Ordinal0 [0x00007FF6C711F898+850072]
Ordinal0 [0x00007FF6C7213B60+1850208]
Microsoft::Applications::Events::EventProperty::EventProperty [0x00007FF6C758155F+26879]
Microsoft::Applications::Events::EventProperty::EventProperty [0x00007FF6C7582B42+32482]
Microsoft::Applications::Events::EventProperty::to_string [0x00007FF6C733D726+63846]
Ordinal0 [0x00007FF6C721108F+1839247]
Microsoft::Applications::Events::time_ticks_t::operator= [0x00007FF6C7742794+461428]
Ordinal0 [0x00007FF6C7214E03+1854979]
Ordinal0 [0x00007FF6C7219804+1873924]
BaseThreadInitThunk [0x00007FF8FB192D92+34]
RtlUserThreadStart [0x00007FF8FBCE9F64+52]

at org.openqa.selenium.remote.W3CHandshakeResponse.lambda$errorHandler$0(W3CHandshakeResponse.java:62)
at org.openqa.selenium.remote.HandshakeResponse.lambda$getResponseFunction$0(HandshakeResponse.java:30)
at org.openqa.selenium.remote.ProtocolHandshake.lambda$createSession$0(ProtocolHandshake.java:126)
at java.util.stream.ReferencePipeline$3$1.accept(ReferencePipeline.java:193)
at java.util.Spliterators$ArraySpliterator.tryAdvance(Spliterators.java:958)
at java.util.stream.ReferencePipeline.forEachWithCancel(ReferencePipeline.java:126)
at java.util.stream.AbstractPipeline.copyIntoWithCancel(AbstractPipeline.java:499)
at java.util.stream.AbstractPipeline.copyInto(AbstractPipeline.java:486)
at java.util.stream.AbstractPipeline.wrapAndCopyInto(AbstractPipeline.java:472)
at java.util.stream.FindOps$FindOp.evaluateSequential(FindOps.java:152)
at java.util.stream.AbstractPipeline.evaluate(AbstractPipeline.java:234)
at java.util.stream.ReferencePipeline.findFirst(ReferencePipeline.java:464)
at org.openqa.selenium.remote.ProtocolHandshake.createSession(ProtocolHandshake.java:128)
at org.openqa.selenium.remote.ProtocolHandshake.createSession(ProtocolHandshake.java:74)
at org.openqa.selenium.remote.HttpCommandExecutor.execute(HttpCommandExecutor.java:136)
at org.openqa.selenium.remote.service.DriverCommandExecutor.execute(DriverCommandExecutor.java:83)
at org.openqa.selenium.remote.RemoteWebDriver.execute(RemoteWebDriver.java:552)
at org.openqa.selenium.remote.RemoteWebDriver.startSession(RemoteWebDriver.java:213)
at org.openqa.selenium.remote.RemoteWebDriver.<init>(RemoteWebDriver.java:131)
at org.openqa.selenium.edge.EdgeDriver.<init>(EdgeDriver.java:141)
at org.openqa.selenium.edge.EdgeDriver.<init>(EdgeDriver.java:96)
at setup.Base.OpenEdgeBrowser(Base.java:29)
at testPack.VerifyRoomPage.launchBrowser(VerifyRoomPage.java:52)
... Removed 28 stack frames]]>
    </failure>
  </testcase> <!-- @BeforeTest launchBrowser -->
  <testcase name="@BeforeClass CreatePomBojects" time="-1.6675497039E9" classname="testPack.VerifyRoomPage">
    <skipped/>
  </testcase> <!-- @BeforeClass CreatePomBojects -->
  <testcase name="@BeforeMethod openRoomPage" time="-1.667549703904E9" classname="testPack.VerifyRoomPage">
    <skipped/>
  </testcase> <!-- @BeforeMethod openRoomPage -->
  <testcase name="@AfterMethod logoutFromApplication" time="-1.66754970391E9" classname="testPack.VerifyRoomPage">
    <skipped/>
  </testcase> <!-- @AfterMethod logoutFromApplication -->
  <testcase name="@BeforeMethod openRoomPage" time="-1.667549703913E9" classname="testPack.VerifyRoomPage">
    <skipped/>
  </testcase> <!-- @BeforeMethod openRoomPage -->
  <testcase name="@AfterMethod logoutFromApplication" time="-1.667549703934E9" classname="testPack.VerifyRoomPage">
    <skipped/>
  </testcase> <!-- @AfterMethod logoutFromApplication -->
  <testcase name="@AfterClass clearObject" time="-1.667549703945E9" classname="testPack.VerifyRoomPage">
    <skipped/>
  </testcase> <!-- @AfterClass clearObject -->
  <testcase name="verifyContactToHelpCenterButton" time="0.0" classname="testPack.VerifyRoomPage">
    <skipped/>
  </testcase> <!-- verifyContactToHelpCenterButton -->
  <testcase name="verifyReturnToMessengerButton" time="0.0" classname="testPack.VerifyRoomPage">
    <skipped/>
  </testcase> <!-- verifyReturnToMessengerButton -->
</testsuite> <!-- EdgeTest -->
